<?xml version="1.0" encoding="UTF-8"?>
<!-- Generated by org.testng.reporters.JUnitReportReporter -->
<testsuite hostname="DEC1626" failures="0" tests="1" name="Day3.CookiesDemo" time="2.712" errors="0" timestamp="2023-03-01T12:15:50 IST" skipped="0">
  <testcase classname="Day3.CookiesDemo" name="getCookiesInfo" time="2.712"/>
  <system-out/>
</testsuite> <!-- Day3.CookiesDemo -->
