<?xml version="1.0" encoding="UTF-8"?>
<!-- Generated by org.testng.reporters.JUnitReportReporter -->
<testsuite hostname="DEC1626" failures="0" tests="2" name="Day2.DiffWaysToCreatePostRequestBody" time="1.744" errors="0" timestamp="2023-02-27T20:55:22 IST" skipped="0">
  <testcase classname="Day2.DiffWaysToCreatePostRequestBody" name="testPostUsingExternalJsonFile" time="1.712"/>
  <system-out/>
  <testcase classname="Day2.DiffWaysToCreatePostRequestBody" name="testDelete" time="0.032"/>
  <system-out/>
</testsuite> <!-- Day2.DiffWaysToCreatePostRequestBody -->
