<?xml version="1.0" encoding="UTF-8"?>
<!-- Generated by org.testng.reporters.JUnitReportReporter -->
<testsuite hostname="DEC1626" failures="0" tests="1" name="Day3.HeadersDemo" time="3.262" errors="0" timestamp="2023-03-01T12:43:05 IST" skipped="0">
  <testcase classname="Day3.HeadersDemo" name="getHeaders" time="3.262"/>
  <system-out/>
</testsuite> <!-- Day3.HeadersDemo -->
