<?xml version="1.0" encoding="UTF-8"?>
<!-- Generated by org.testng.reporters.JUnitReportReporter -->
<testsuite hostname="DEC1626" failures="0" tests="1" name="Day4.ParsingJSONResponseData" time="1.248" errors="0" timestamp="2023-03-02T20:47:20 IST" skipped="0">
  <testcase classname="Day4.ParsingJSONResponseData" name="testJsonResponseBodyData" time="1.248"/>
  <system-out/>
</testsuite> <!-- Day4.ParsingJSONResponseData -->
