<?xml version="1.0" encoding="UTF-8"?>
<!-- Generated by org.testng.reporters.JUnitReportReporter -->
<testsuite hostname="DEC1626" failures="0" tests="1" name="Day3.PathAndQueryParameters" time="2.616" errors="0" timestamp="2023-02-28T13:16:40 IST" skipped="0">
  <testcase classname="Day3.PathAndQueryParameters" name="testQueryAndPathParameters" time="2.616"/>
  <system-out/>
</testsuite> <!-- Day3.PathAndQueryParameters -->
