<?xml version="1.0" encoding="UTF-8"?>
<!-- Generated by org.testng.reporters.JUnitReportReporter -->
<testsuite hostname="DEC1626" failures="0" tests="4" name="Day1.HTTPRequests" time="6.365" errors="0" timestamp="2023-02-24T13:26:33 IST" skipped="0">
  <testcase classname="Day1.HTTPRequests" name="getUsers" time="2.718"/>
  <system-out/>
  <testcase classname="Day1.HTTPRequests" name="createUser" time="1.398"/>
  <system-out/>
  <testcase classname="Day1.HTTPRequests" name="updateUser" time="1.025"/>
  <system-out/>
  <testcase classname="Day1.HTTPRequests" name="deleteUser" time="1.224"/>
  <system-out/>
</testsuite> <!-- Day1.HTTPRequests -->
