<?xml version="1.0" encoding="UTF-8"?>
<!-- Generated by org.testng.reporters.JUnitReportReporter -->
<testsuite hostname="DEC1626" failures="0" tests="1" name="Day3.LoggingDemo" time="2.398" errors="0" timestamp="2023-03-01T12:55:00 IST" skipped="0">
  <testcase classname="Day3.LoggingDemo" name="testLogs" time="2.398"/>
  <system-out/>
</testsuite> <!-- Day3.LoggingDemo -->
