<?xml version="1.0" encoding="UTF-8"?>
<!-- Generated by org.testng.reporters.JUnitReportReporter -->
<testsuite hostname="DEC1626" failures="0" tests="1" name="Day5.ParsingXMLResponse" time="2.400" errors="0" timestamp="2023-03-05T11:52:05 IST" skipped="0">
  <testcase classname="Day5.ParsingXMLResponse" name="testXMLResponseBody" time="2.400"/>
  <system-out/>
</testsuite> <!-- Day5.ParsingXMLResponse -->
